app listening at port 3600
end connection database
end connection database
app listening at port 3600
end connection database
end connection database
end connection database
end connection database
Mon, 16 Mar 2020 12:21:19 GMT express deprecated res.send(status): Use res.sendStatus(status) instead at index.js:27:20
INSERT INTO Books (ID, Name) VALUES (NULL, ' ')

good OkPacket {
  fieldCount: 0,
  affectedRows: 1,
  insertId: 16,
  serverStatus: 2,
  warningCount: 0,
  message: '',
  protocol41: true,
  changedRows: 0 }
end connection database
end connection database
end connection database
end connection database
end connection database
end connection database
